Build started 12/13/2020 9:07:21 PM.
     1>Project "C:\Users\farha\OneDrive\Desktop\CMPT135\Assignments\Navigation System\Navigation System\Navigation System.vcxproj" on node 2 (build target(s)).
     1>InitializeBuildStatus:
         Creating "Debug\Navigation System.unsuccessfulbuild" because "AlwaysCreate" was specified.
       ClCompile:
         C:\Program Files (x86)\Microsoft Visual Studio 10.0\VC\bin\CL.exe /c /ZI /nologo /W3 /WX- /Od /Oy- /D WIN32 /D _DEBUG /D _CONSOLE /D _UNICODE /D UNICODE /Gm /EHsc /RTC1 /MDd /GS /fp:precise /Zc:wchar_t /Zc:forScope /Fo"Debug\\" /Fd"Debug\vc100.pdb" /Gd /TP /analyze- /errorReport:prompt Navigation.cpp
         Navigation.cpp
     1>c:\users\farha\onedrive\desktop\cmpt135\assignments\navigation system\navigation system\navigation.cpp(559): warning C4715: 'Vertex::getEdge' : not all control paths return a value
     1>c:\users\farha\onedrive\desktop\cmpt135\assignments\navigation system\navigation system\navigation.cpp(570): warning C4715: 'Vertex::getEdgeCost' : not all control paths return a value
       ManifestResourceCompile:
         All outputs are up-to-date.
       Link:
         C:\Program Files (x86)\Microsoft Visual Studio 10.0\VC\bin\link.exe /ERRORREPORT:PROMPT /OUT:"C:\Users\farha\OneDrive\Desktop\CMPT135\Assignments\Navigation System\Debug\Navigation System.exe" /INCREMENTAL /NOLOGO kernel32.lib user32.lib gdi32.lib winspool.lib comdlg32.lib advapi32.lib shell32.lib ole32.lib oleaut32.lib uuid.lib odbc32.lib odbccp32.lib /MANIFEST /ManifestFile:"Debug\Navigation System.exe.intermediate.manifest" /MANIFESTUAC:"level='asInvoker' uiAccess='false'" /DEBUG /PDB:"C:\Users\farha\OneDrive\Desktop\CMPT135\Assignments\Navigation System\Debug\Navigation System.pdb" /SUBSYSTEM:CONSOLE /TLBID:1 /DYNAMICBASE /NXCOMPAT /IMPLIB:"C:\Users\farha\OneDrive\Desktop\CMPT135\Assignments\Navigation System\Debug\Navigation System.lib" /MACHINE:X86 "Debug\Navigation System.exe.embed.manifest.res"
         Debug\Navigation.obj
       Manifest:
         C:\Program Files (x86)\Microsoft SDKs\Windows\v7.0A\bin\mt.exe /nologo /verbose /out:"Debug\Navigation System.exe.embed.manifest" /manifest "Debug\Navigation System.exe.intermediate.manifest"
         All outputs are up-to-date.
       LinkEmbedManifest:
         All outputs are up-to-date.
         Navigation System.vcxproj -> C:\Users\farha\OneDrive\Desktop\CMPT135\Assignments\Navigation System\Debug\Navigation System.exe
       FinalizeBuildStatus:
         Deleting file "Debug\Navigation System.unsuccessfulbuild".
         Touching "Debug\Navigation System.lastbuildstate".
     1>Done Building Project "C:\Users\farha\OneDrive\Desktop\CMPT135\Assignments\Navigation System\Navigation System\Navigation System.vcxproj" (build target(s)).

Build succeeded.

Time Elapsed 00:00:00.94
